============================= test session starts ==============================
platform win -- Python 3.11.0, pytest-8.4.2, pluggy-1.6.0 -- /usr/bin/python3.11
cachedir: .pytest_cache
rootdir: /home/devops-lab/python-ci-lab
plugins: anyio-4.11.0, cov-7.0.0
collecting ... collected 16 items

tests/test_calculator.py::TestSumNumbers::test_sum_positive_numbers PASSED [  6%]
tests/test_calculator.py::TestSumNumbers::test_sum_negative_numbers PASSED [ 12%]
tests/test_calculator.py::TestSumNumbers::test_sum_mixed_numbers PASSED  [ 18%]
tests/test_calculator.py::TestSumNumbers::test_sum_with_zero PASSED      [ 25%]
tests/test_calculator.py::TestMultiplyNumbers::test_multiply_positive_numbers PASSED [ 31%]
tests/test_calculator.py::TestMultiplyNumbers::test_multiply_by_zero PASSED [ 37%]
tests/test_calculator.py::TestMultiplyNumbers::test_multiply_negative_numbers PASSED [ 43%]
tests/test_calculator.py::TestIsPalindrome::test_simple_palindrome PASSED [ 50%]
tests/test_calculator.py::TestIsPalindrome::test_palindrome_with_spaces PASSED [ 56%]
tests/test_calculator.py::TestIsPalindrome::test_not_palindrome PASSED   [ 62%]
tests/test_calculator.py::TestIsPalindrome::test_single_character PASSED [ 68%]
tests/test_calculator.py::TestCalculateRectangleArea::test_positive_dimensions PASSED [ 75%]
tests/test_calculator.py::TestCalculateRectangleArea::test_square PASSED [ 81%]
tests/test_calculator.py::TestCalculateRectangleArea::test_zero_dimension PASSED [ 87%]
tests/test_calculator.py::TestCalculateRectangleArea::test_negative_width PASSED [ 93%]
tests/test_calculator.py::TestCalculateRectangleArea::test_negative_height PASSED [100%]

================================ tests coverage ================================
_____________ coverage: platform win, python 3.11.0-candidate-1 ______________

Name                Stmts   Miss  Cover   Missing
-------------------------------------------------
src/__init__.py         2      0   100%
src/calculator.py      11      0   100%
-------------------------------------------------
TOTAL                  13      0   100%
============================== 16 passed in 0.05s ==============================
